<?xml version="1.0" encoding="UTF-8"?>
<testsuite xmlns:xsi="http://www.w3.org/2001/XMLSchema-instance" xsi:noNamespaceSchemaLocation="https://maven.apache.org/surefire/maven-surefire-plugin/xsd/surefire-test-report.xsd" name="com.jixu.sequence.SequenceGeneratorIntegrationTest" time="2.408" tests="4" errors="0" skipped="0" failures="0">
  <properties>
[...]
</properties>
  <testcase name="testSequentialIncrement" classname="com.jixu.sequence.SequenceGeneratorIntegrationTest" time="0.15"/>
  <testcase name="testNextIdWithCustomPrefix" classname="com.jixu.sequence.SequenceGeneratorIntegrationTest" time="0.002"/>
  <testcase name="testNextIdWithDefaultPrefix" classname="com.jixu.sequence.SequenceGeneratorIntegrationTest" time="0.505"/>
  <testcase name="testConcurrentUniqueness" classname="com.jixu.sequence.SequenceGeneratorIntegrationTest" time="0.02"/>
</testsuite>